{"/Users/jk/code/secret-santa-vue/src/components/Home.vue": {"path":"/Users/jk/code/secret-santa-vue/src/components/Home.vue","statementMap":{"0":{"start":{"line":12,"column":0},"end":{"line":null,"column":-1}}},"fnMap":{"0":{"name":"data","decl":{"start":{"line":11,"column":0},"end":{"line":null,"column":-1}},"loc":{"start":{"line":11,"column":0},"end":{"line":15,"column":0}}}},"branchMap":{},"s":{"0":1},"f":{"0":1},"b":{}}
,"/Users/jk/code/secret-santa-vue/test/unit/adapt_test_framework.js": {"path":"/Users/jk/code/secret-santa-vue/test/unit/adapt_test_framework.js","statementMap":{"0":{"start":{"line":3,"column":20},"end":{"line":3,"column":88}},"1":{"start":{"line":5,"column":0},"end":{"line":15,"column":3}},"2":{"start":{"line":7,"column":4},"end":{"line":7,"column":42}},"3":{"start":{"line":8,"column":4},"end":{"line":8,"column":35}},"4":{"start":{"line":12,"column":4},"end":{"line":12,"column":30}},"5":{"start":{"line":13,"column":4},"end":{"line":13,"column":18}},"6":{"start":{"line":18,"column":23},"end":{"line":18,"column":36}},"7":{"start":{"line":20,"column":0},"end":{"line":26,"column":2}},"8":{"start":{"line":21,"column":27},"end":{"line":21,"column":49}},"9":{"start":{"line":22,"column":23},"end":{"line":22,"column":42}},"10":{"start":{"line":23,"column":27},"end":{"line":23,"column":72}},"11":{"start":{"line":25,"column":2},"end":{"line":25,"column":26}}},"fnMap":{"0":{"name":"(anonymous_0)","decl":{"start":{"line":20,"column":16},"end":{"line":20,"column":17}},"loc":{"start":{"line":20,"column":26},"end":{"line":26,"column":1}},"line":20}},"branchMap":{},"s":{"0":1,"1":1,"2":0,"3":0,"4":0,"5":0,"6":1,"7":1,"8":0,"9":0,"10":0,"11":0},"f":{"0":0},"b":{},"_coverageSchema":"332fd63041d2c1bcb487cc26dd0d5f7d97098a6c","hash":"a0a9d5fb52c505dd6aa8826d131b776ecf312c75"}
,"/Users/jk/code/secret-santa-vue/test/unit/setup.js": {"path":"/Users/jk/code/secret-santa-vue/test/unit/setup.js","statementMap":{"0":{"start":{"line":6,"column":0},"end":{"line":6,"column":19}},"1":{"start":{"line":7,"column":0},"end":{"line":7,"column":19}},"2":{"start":{"line":9,"column":0},"end":{"line":9,"column":33}}},"fnMap":{},"branchMap":{},"s":{"0":1,"1":1,"2":1},"f":{},"b":{},"_coverageSchema":"332fd63041d2c1bcb487cc26dd0d5f7d97098a6c","hash":"17a1b731de7b6d71887a3aa0d63eed834272bda2"}
,"/Users/jk/code/secret-santa-vue/test/unit/helpers/vm_utils.ts": {"path":"/Users/jk/code/secret-santa-vue/test/unit/helpers/vm_utils.ts","statementMap":{"0":{"start":{"line":1,"column":0},"end":{"line":24,"column":-1}},"1":{"start":{"line":3,"column":34},"end":{"line":5,"column":1}},"2":{"start":{"line":4,"column":2},"end":{"line":4,"column":40}},"3":{"start":{"line":7,"column":37},"end":{"line":9,"column":1}},"4":{"start":{"line":8,"column":2},"end":{"line":8,"column":43}},"5":{"start":{"line":11,"column":31},"end":{"line":15,"column":1}},"6":{"start":{"line":12,"column":22},"end":{"line":12,"column":43}},"7":{"start":{"line":13,"column":13},"end":{"line":13,"column":43}},"8":{"start":{"line":14,"column":2},"end":{"line":14,"column":12}},"9":{"start":{"line":17,"column":24},"end":{"line":23,"column":1}},"10":{"start":{"line":18,"column":9},"end":{"line":22,"column":4}},"11":{"start":{"line":19,"column":4},"end":{"line":21,"column":7}},"12":{"start":{"line":20,"column":6},"end":{"line":20,"column":16}},"13":{"start":{"line":18,"column":2},"end":{"line":22,"column":5}}},"fnMap":{"0":{"name":"(anonymous_12)","decl":{"start":{"line":3,"column":34},"end":{"line":3,"column":34}},"loc":{"start":{"line":3,"column":47},"end":{"line":5,"column":1}}},"1":{"name":"(anonymous_13)","decl":{"start":{"line":7,"column":37},"end":{"line":7,"column":37}},"loc":{"start":{"line":7,"column":50},"end":{"line":9,"column":1}}},"2":{"name":"(anonymous_14)","decl":{"start":{"line":11,"column":31},"end":{"line":11,"column":31}},"loc":{"start":{"line":11,"column":47},"end":{"line":15,"column":1}}},"3":{"name":"(anonymous_15)","decl":{"start":{"line":17,"column":24},"end":{"line":null,"column":-1}},"loc":{"start":{"line":17,"column":24},"end":{"line":23,"column":1}}},"4":{"name":"(anonymous_18)","decl":{"start":{"line":18,"column":27},"end":{"line":18,"column":26}},"loc":{"start":{"line":18,"column":34},"end":{"line":22,"column":3}}},"5":{"name":"(anonymous_19)","decl":{"start":{"line":19,"column":17},"end":{"line":null,"column":-1}},"loc":{"start":{"line":19,"column":17},"end":{"line":21,"column":5}}}},"branchMap":{},"s":{"0":1,"1":1,"2":1,"3":1,"4":0,"5":1,"6":1,"7":1,"8":1,"9":1,"10":0,"11":0,"12":0,"13":0},"f":{"0":1,"1":0,"2":1,"3":0,"4":0,"5":0},"b":{}}
}
