TN:
SF:/Users/jk/code/secret-santa-vue/src/components/Home.vue
FN:11,data
FNF:1
FNH:1
FNDA:1,data
DA:12,1
LF:1
LH:1
BRF:0
BRH:0
end_of_record
TN:
SF:/Users/jk/code/secret-santa-vue/test/unit/adapt_test_framework.js
FN:20,(anonymous_0)
FNF:1
FNH:0
FNDA:0,(anonymous_0)
DA:3,1
DA:5,1
DA:7,0
DA:8,0
DA:12,0
DA:13,0
DA:18,1
DA:20,1
DA:21,0
DA:22,0
DA:23,0
DA:25,0
LF:12
LH:4
BRF:0
BRH:0
end_of_record
TN:
SF:/Users/jk/code/secret-santa-vue/test/unit/setup.js
FNF:0
FNH:0
DA:6,1
DA:7,1
DA:9,1
LF:3
LH:3
BRF:0
BRH:0
end_of_record
TN:
SF:/Users/jk/code/secret-santa-vue/test/unit/helpers/vm_utils.ts
FN:3,(anonymous_12)
FN:7,(anonymous_13)
FN:11,(anonymous_14)
FN:17,(anonymous_15)
FN:18,(anonymous_18)
FN:19,(anonymous_19)
FNF:6
FNH:2
FNDA:1,(anonymous_12)
FNDA:0,(anonymous_13)
FNDA:1,(anonymous_14)
FNDA:0,(anonymous_15)
FNDA:0,(anonymous_18)
FNDA:0,(anonymous_19)
DA:1,1
DA:3,1
DA:4,1
DA:7,1
DA:8,0
DA:11,1
DA:12,1
DA:13,1
DA:14,1
DA:17,1
DA:18,0
DA:19,0
DA:20,0
LF:13
LH:9
BRF:0
BRH:0
end_of_record
